D:\UCZELNIA\PROGRAMOWANIE\LABORKI\MINESWEEPER\MINESWEEPER\RELEASE\MINESWEEPER.PCH
D:\UCZELNIA\PROGRAMOWANIE\LABORKI\MINESWEEPER\MINESWEEPER\RELEASE\STDAFX.OBJ
D:\UCZELNIA\PROGRAMOWANIE\LABORKI\MINESWEEPER\MINESWEEPER\RELEASE\VC110.PDB
D:\UCZELNIA\PROGRAMOWANIE\LABORKI\MINESWEEPER\MINESWEEPER\RELEASE\MINESWEEPER.OBJ
D:\UCZELNIA\PROGRAMOWANIE\LABORKI\MINESWEEPER\RELEASE\MINESWEEPER.EXE
D:\UCZELNIA\PROGRAMOWANIE\LABORKI\MINESWEEPER\RELEASE\MINESWEEPER.PDB
D:\Uczelnia\programowanie\laborki\Minesweeper\Minesweeper\Release\Minesweeper.obj
D:\Uczelnia\programowanie\laborki\Minesweeper\Minesweeper\Release\stdafx.obj
D:\Uczelnia\programowanie\laborki\Minesweeper\Minesweeper\Release\cl.command.1.tlog
D:\Uczelnia\programowanie\laborki\Minesweeper\Minesweeper\Release\CL.read.1.tlog
D:\Uczelnia\programowanie\laborki\Minesweeper\Minesweeper\Release\CL.write.1.tlog
D:\Uczelnia\programowanie\laborki\Minesweeper\Minesweeper\Release\link-cvtres.read.1.tlog
D:\Uczelnia\programowanie\laborki\Minesweeper\Minesweeper\Release\link-cvtres.write.1.tlog
D:\Uczelnia\programowanie\laborki\Minesweeper\Minesweeper\Release\link-rc.read.1.tlog
D:\Uczelnia\programowanie\laborki\Minesweeper\Minesweeper\Release\link-rc.write.1.tlog
D:\Uczelnia\programowanie\laborki\Minesweeper\Minesweeper\Release\link.command.1.tlog
D:\Uczelnia\programowanie\laborki\Minesweeper\Minesweeper\Release\link.read.1.tlog
D:\Uczelnia\programowanie\laborki\Minesweeper\Minesweeper\Release\link.read.4.tlog
D:\Uczelnia\programowanie\laborki\Minesweeper\Minesweeper\Release\link.write.1.tlog
D:\Uczelnia\programowanie\laborki\Minesweeper\Minesweeper\Release\Minesweeper.pch
D:\Uczelnia\programowanie\laborki\Minesweeper\Minesweeper\Release\vc110.pdb
D:\Uczelnia\programowanie\laborki\Minesweeper\Release\Minesweeper.pdb
D:\Uczelnia\programowanie\laborki\Minesweeper\Release\Minesweeper.exe
